<?xml version="1.0" encoding="UTF-8"?>
<!-- Generated by org.testng.reporters.JUnitReportReporter -->
<testsuite skipped="0" hostname="Sirelis-PC" name="com.epam.cdp.cal.tests.testng.DivCalTest" tests="8" failures="0" timestamp="08 лип. 2018 22:55:27 GMT" time="0.001" errors="0">
  <testcase name="doubleOneDivTwoTest" time="0.000" classname="com.epam.cdp.cal.tests.testng.DivCalTest"/>
  <testcase name="oneDivTwoTest" time="0.000" classname="com.epam.cdp.cal.tests.testng.DivCalTest"/>
  <testcase name="oneDivTwoTest" time="0.000" classname="com.epam.cdp.cal.tests.testng.DivCalTest"/>
  <testcase name="oneDivTwoTest" time="0.000" classname="com.epam.cdp.cal.tests.testng.DivCalTest"/>
  <testcase name="doubleOneDivTwoTest" time="0.000" classname="com.epam.cdp.cal.tests.testng.DivCalTest"/>
  <testcase name="doubleOneDivTwoTest" time="0.000" classname="com.epam.cdp.cal.tests.testng.DivCalTest"/>
  <testcase name="oneDivTwoTest" time="0.000" classname="com.epam.cdp.cal.tests.testng.DivCalTest"/>
  <testcase name="doubleOneDivTwoTest" time="0.001" classname="com.epam.cdp.cal.tests.testng.DivCalTest"/>
</testsuite> <!-- com.epam.cdp.cal.tests.testng.DivCalTest -->
