<?xml version="1.0" encoding="UTF-8"?>
<!-- Generated by org.testng.reporters.JUnitReportReporter -->
<testsuite skipped="0" hostname="Sirelis-PC" name="com.epam.cdp.cal.tests.testng.IsNegativeCalTest" tests="4" failures="0" timestamp="08 лип. 2018 20:42:38 GMT" time="0.001" errors="0">
  <testcase name="IsNegativeTest" time="0.000" classname="com.epam.cdp.cal.tests.testng.IsNegativeCalTest"/>
  <testcase name="IsNegativeTest" time="0.001" classname="com.epam.cdp.cal.tests.testng.IsNegativeCalTest"/>
  <testcase name="IsNegativeTest" time="0.000" classname="com.epam.cdp.cal.tests.testng.IsNegativeCalTest"/>
  <testcase name="IsNegativeTest" time="0.000" classname="com.epam.cdp.cal.tests.testng.IsNegativeCalTest"/>
</testsuite> <!-- com.epam.cdp.cal.tests.testng.IsNegativeCalTest -->
