<?xml version="1.0" encoding="UTF-8"?>
<!-- Generated by org.testng.reporters.JUnitReportReporter -->
<testsuite skipped="0" hostname="Sirelis-PC" name="com.epam.cdp.cal.tests.testng.SubCalTest" tests="2" failures="0" timestamp="08 лип. 2018 20:42:38 GMT" time="0.003" errors="0">
  <testcase name="doubleThreeMinusOne" time="0.002" classname="com.epam.cdp.cal.tests.testng.SubCalTest"/>
  <testcase name="twoMinusOne" time="0.001" classname="com.epam.cdp.cal.tests.testng.SubCalTest"/>
</testsuite> <!-- com.epam.cdp.cal.tests.testng.SubCalTest -->
