<?xml version="1.0" encoding="UTF-8"?>
<!-- Generated by org.testng.reporters.JUnitReportReporter -->
<testsuite skipped="0" hostname="Sirelis-PC" name="com.epam.cdp.cal.tests.testng.IsPositiveCalTest" tests="4" failures="0" timestamp="08 лип. 2018 20:42:38 GMT" time="0.000" errors="0">
  <testcase name="IsPositiveTest" time="0.000" classname="com.epam.cdp.cal.tests.testng.IsPositiveCalTest"/>
  <testcase name="IsPositiveTest" time="0.000" classname="com.epam.cdp.cal.tests.testng.IsPositiveCalTest"/>
  <testcase name="IsPositiveTest" time="0.000" classname="com.epam.cdp.cal.tests.testng.IsPositiveCalTest"/>
  <testcase name="IsPositiveTest" time="0.000" classname="com.epam.cdp.cal.tests.testng.IsPositiveCalTest"/>
</testsuite> <!-- com.epam.cdp.cal.tests.testng.IsPositiveCalTest -->
