<?xml version="1.0" encoding="UTF-8"?>
<!-- Generated by org.testng.reporters.JUnitReportReporter -->
<testsuite skipped="0" hostname="Sirelis-PC" name="com.epam.cdp.cal.tests.testng.SumCalTest" tests="9" failures="0" timestamp="08 лип. 2018 22:55:27 GMT" time="0.000" errors="0">
  <testcase name="doubleOnePlusTwoTest" time="0.000" classname="com.epam.cdp.cal.tests.testng.SumCalTest"/>
  <testcase name="doubleOnePlusTwoTest" time="0.000" classname="com.epam.cdp.cal.tests.testng.SumCalTest"/>
  <testcase name="doubleOnePlusTwoTest" time="0.000" classname="com.epam.cdp.cal.tests.testng.SumCalTest"/>
  <testcase name="doubleOnePlusTwoTest" time="0.000" classname="com.epam.cdp.cal.tests.testng.SumCalTest"/>
  <testcase name="onePlusTwoTest" time="0.000" classname="com.epam.cdp.cal.tests.testng.SumCalTest"/>
  <testcase name="doubleOnePlusTwoTest" time="0.000" classname="com.epam.cdp.cal.tests.testng.SumCalTest"/>
  <testcase name="onePlusTwoTest" time="0.000" classname="com.epam.cdp.cal.tests.testng.SumCalTest"/>
  <testcase name="onePlusTwoTest" time="0.000" classname="com.epam.cdp.cal.tests.testng.SumCalTest"/>
  <testcase name="onePlusTwoTest" time="0.000" classname="com.epam.cdp.cal.tests.testng.SumCalTest"/>
</testsuite> <!-- com.epam.cdp.cal.tests.testng.SumCalTest -->
